Using pre-set license

 COMMAND LINE ARGUMENTS:
/Applications/Unity/Hub/Editor/2020.2.6f1/Unity.app/Contents/MacOS/Unity
-adb2
-batchMode
-noUpm
-name
AssetImportWorker0
-projectPath
/Users/samulipietikainen/Desktop/Foddian GameJam
-logFile
Logs/AssetImportWorker0.log
-srvPort
65186
Successfully changed project path to: /Users/samulipietikainen/Desktop/Foddian GameJam
/Users/samulipietikainen/Desktop/Foddian GameJam
Using Asset Import Pipeline V2.
Refreshing native plugins compatible for Editor in 82.03 ms, found 3 plugins.
Preloading 0 native plugins for Editor in 0.00 ms.
Initialize engine version: 2020.2.6f1 (8a2143876886)
[Subsystems] Discovering subsystems at path /Applications/Unity/Hub/Editor/2020.2.6f1/Unity.app/Contents/Resources/UnitySubsystems
[Subsystems] Discovering subsystems at path /Users/samulipietikainen/Desktop/Foddian GameJam/Assets
GfxDevice: creating device client; threaded=0
2021-10-23 18:15:46.282 Unity[13397:5400001] iMac preferred device: AMD Radeon Pro 560X (high power)
2021-10-23 18:15:46.282 Unity[13397:5400001] Metal devices available: 1
2021-10-23 18:15:46.282 Unity[13397:5400001] 0: AMD Radeon Pro 560X (high power)
2021-10-23 18:15:46.282 Unity[13397:5400001] Using device AMD Radeon Pro 560X (high power)
Initializing Metal device caps: AMD Radeon Pro 560X
Initialize mono
Mono path[0] = '/Applications/Unity/Hub/Editor/2020.2.6f1/Unity.app/Contents/Managed'
Mono path[1] = '/Applications/Unity/Hub/Editor/2020.2.6f1/Unity.app/Contents/MonoBleedingEdge/lib/mono/unityjit'
Mono config path = '/Applications/Unity/Hub/Editor/2020.2.6f1/Unity.app/Contents/MonoBleedingEdge/etc'
Using monoOptions --debugger-agent=transport=dt_socket,embedding=1,server=y,suspend=n,address=127.0.0.1:56397
Begin MonoManager ReloadAssembly
Registering precompiled unity dll's ...
Register platform support module: /Applications/Unity/Hub/Editor/2020.2.6f1/PlaybackEngines/WebGLSupport/UnityEditor.WebGL.Extensions.dll
Register platform support module: /Applications/Unity/Hub/Editor/2020.2.6f1/Unity.app/Contents/PlaybackEngines/MacStandaloneSupport/UnityEditor.OSXStandalone.Extensions.dll
Register platform support module: /Applications/Unity/Hub/Editor/2020.2.6f1/PlaybackEngines/WindowsStandaloneSupport/UnityEditor.WindowsStandalone.Extensions.dll
Registered in 0.004954 seconds.
Native extension for WindowsStandalone target not found
Native extension for OSXStandalone target not found
Native extension for WebGL target not found
Refreshing native plugins compatible for Editor in 41.55 ms, found 3 plugins.
Preloading 0 native plugins for Editor in 0.00 ms.
Invoked RoslynAnalysisRunner static constructor.
RoslynAnalysisRunner will not be running.
RoslynAnalysisRunner has terminated.
Mono: successfully reloaded assembly
- Completed reload, in  4.119 seconds
Platform modules already initialized, skipping
Registering precompiled user dll's ...
Registered in 0.046458 seconds.
Begin MonoManager ReloadAssembly
Native extension for WindowsStandalone target not found
Native extension for OSXStandalone target not found
Native extension for WebGL target not found
Refreshing native plugins compatible for Editor in 44.97 ms, found 3 plugins.
Preloading 0 native plugins for Editor in 0.00 ms.
Invoked RoslynAnalysisRunner static constructor.
RoslynAnalysisRunner will not be running.
RoslynAnalysisRunner has terminated.
Mono: successfully reloaded assembly
- Completed reload, in  1.686 seconds
Platform modules already initialized, skipping
========================================================================
Worker process is ready to serve import requests
Launching external process: /Applications/Unity/Hub/Editor/2020.2.6f1/Unity.app/Contents/Tools/UnityShaderCompiler
Launched and connected shader compiler UnityShaderCompiler after 0.11 seconds
Refreshing native plugins compatible for Editor in 0.66 ms, found 3 plugins.
Preloading 0 native plugins for Editor in 0.00 ms.
Unloading 2265 Unused Serialized files (Serialized files now loaded: 0)
System memory in use before: 185.6 MB.
System memory in use after: 185.8 MB.

Unloading 31 unused Assets to reduce memory usage. Loaded Objects now: 2710.
Total: 3.053662 ms (FindLiveObjects: 0.360714 ms CreateObjectMapping: 0.138784 ms MarkObjects: 2.480683 ms  DeleteObjects: 0.071335 ms)

========================================================================
Received Import Request.
  path: Assets/Scenes/Näyttökuva 2021-10-23 kello 18.15.36.png
  artifactKey: Guid(a084ce1dea617436dae53dee4a9f018e) Importer(815301076,1909f56bfc062723c751e8b465ee728b)
Start importing Assets/Scenes/Näyttökuva 2021-10-23 kello 18.15.36.png using Guid(a084ce1dea617436dae53dee4a9f018e) Importer(815301076,1909f56bfc062723c751e8b465ee728b)  -> (artifact id: 'fa976a68796794fa222b5fbca100e331') in 1.948611 seconds
  Import took 2.025503 seconds .

