Using pre-set license

 COMMAND LINE ARGUMENTS:
/Applications/Unity/Hub/Editor/2020.2.6f1/Unity.app/Contents/MacOS/Unity
-adb2
-batchMode
-noUpm
-name
AssetImportWorker0
-projectPath
/Users/samulipietikainen/Desktop/Foddian GameJam
-logFile
Logs/AssetImportWorker0.log
-srvPort
50408
Successfully changed project path to: /Users/samulipietikainen/Desktop/Foddian GameJam
/Users/samulipietikainen/Desktop/Foddian GameJam
Using Asset Import Pipeline V2.
Refreshing native plugins compatible for Editor in 82.62 ms, found 3 plugins.
Preloading 0 native plugins for Editor in 0.00 ms.
Initialize engine version: 2020.2.6f1 (8a2143876886)
[Subsystems] Discovering subsystems at path /Applications/Unity/Hub/Editor/2020.2.6f1/Unity.app/Contents/Resources/UnitySubsystems
[Subsystems] Discovering subsystems at path /Users/samulipietikainen/Desktop/Foddian GameJam/Assets
GfxDevice: creating device client; threaded=0
2021-10-23 19:01:28.998 Unity[19756:5455504] iMac preferred device: AMD Radeon Pro 560X (high power)
2021-10-23 19:01:28.998 Unity[19756:5455504] Metal devices available: 1
2021-10-23 19:01:28.998 Unity[19756:5455504] 0: AMD Radeon Pro 560X (high power)
2021-10-23 19:01:28.998 Unity[19756:5455504] Using device AMD Radeon Pro 560X (high power)
Initializing Metal device caps: AMD Radeon Pro 560X
Initialize mono
Mono path[0] = '/Applications/Unity/Hub/Editor/2020.2.6f1/Unity.app/Contents/Managed'
Mono path[1] = '/Applications/Unity/Hub/Editor/2020.2.6f1/Unity.app/Contents/MonoBleedingEdge/lib/mono/unityjit'
Mono config path = '/Applications/Unity/Hub/Editor/2020.2.6f1/Unity.app/Contents/MonoBleedingEdge/etc'
Using monoOptions --debugger-agent=transport=dt_socket,embedding=1,server=y,suspend=n,address=127.0.0.1:56756
Begin MonoManager ReloadAssembly
Registering precompiled unity dll's ...
Register platform support module: /Applications/Unity/Hub/Editor/2020.2.6f1/PlaybackEngines/WebGLSupport/UnityEditor.WebGL.Extensions.dll
Register platform support module: /Applications/Unity/Hub/Editor/2020.2.6f1/Unity.app/Contents/PlaybackEngines/MacStandaloneSupport/UnityEditor.OSXStandalone.Extensions.dll
Register platform support module: /Applications/Unity/Hub/Editor/2020.2.6f1/PlaybackEngines/WindowsStandaloneSupport/UnityEditor.WindowsStandalone.Extensions.dll
Registered in 0.007370 seconds.
Native extension for WindowsStandalone target not found
Native extension for OSXStandalone target not found
Native extension for WebGL target not found
Refreshing native plugins compatible for Editor in 48.41 ms, found 3 plugins.
Preloading 0 native plugins for Editor in 0.00 ms.
Invoked RoslynAnalysisRunner static constructor.
RoslynAnalysisRunner will not be running.
RoslynAnalysisRunner has terminated.
Mono: successfully reloaded assembly
- Completed reload, in  4.328 seconds
Platform modules already initialized, skipping
Registering precompiled user dll's ...
Registered in 0.044821 seconds.
Begin MonoManager ReloadAssembly
Native extension for WindowsStandalone target not found
Native extension for OSXStandalone target not found
Native extension for WebGL target not found
Refreshing native plugins compatible for Editor in 45.59 ms, found 3 plugins.
Preloading 0 native plugins for Editor in 0.00 ms.
Invoked RoslynAnalysisRunner static constructor.
RoslynAnalysisRunner will not be running.
RoslynAnalysisRunner has terminated.
Mono: successfully reloaded assembly
- Completed reload, in  1.781 seconds
Platform modules already initialized, skipping
========================================================================
Worker process is ready to serve import requests
Launching external process: /Applications/Unity/Hub/Editor/2020.2.6f1/Unity.app/Contents/Tools/UnityShaderCompiler
Launched and connected shader compiler UnityShaderCompiler after 0.08 seconds
Refreshing native plugins compatible for Editor in 0.55 ms, found 3 plugins.
Preloading 0 native plugins for Editor in 0.00 ms.
Unloading 2265 Unused Serialized files (Serialized files now loaded: 0)
System memory in use before: 185.7 MB.
System memory in use after: 185.9 MB.

Unloading 31 unused Assets to reduce memory usage. Loaded Objects now: 2710.
Total: 2.667301 ms (FindLiveObjects: 0.250771 ms CreateObjectMapping: 0.096325 ms MarkObjects: 2.244625 ms  DeleteObjects: 0.074248 ms)

========================================================================
Received Import Request.
  path: Assets/Scripts/Bullet.cs
  artifactKey: Guid(94741302825c24d929d65846f1d3b268) Importer(815301076,1909f56bfc062723c751e8b465ee728b)
Start importing Assets/Scripts/Bullet.cs using Guid(94741302825c24d929d65846f1d3b268) Importer(815301076,1909f56bfc062723c751e8b465ee728b)  -> (artifact id: '864a85cac9168ed62385393b632b4d7c') in 4.244452 seconds
  Import took 4.438579 seconds .

========================================================================
Received Import Request.
  Time since last request: 0.000249 seconds.
  path: Assets/Scripts/Parallax.cs
  artifactKey: Guid(06d7b1b57153141a999f485c6aa3c608) Importer(815301076,1909f56bfc062723c751e8b465ee728b)
Start importing Assets/Scripts/Parallax.cs using Guid(06d7b1b57153141a999f485c6aa3c608) Importer(815301076,1909f56bfc062723c751e8b465ee728b)  -> (artifact id: 'bac47b17ab9d63f2375aa0b8cf1f5a9b') in 0.005122 seconds
  Import took 0.051008 seconds .

========================================================================
Received Import Request.
  Time since last request: 0.000255 seconds.
  path: Assets/Scripts/PlayerController.cs
  artifactKey: Guid(7cc35abe2fdcc4e5794dc2779ed939fa) Importer(815301076,1909f56bfc062723c751e8b465ee728b)
Start importing Assets/Scripts/PlayerController.cs using Guid(7cc35abe2fdcc4e5794dc2779ed939fa) Importer(815301076,1909f56bfc062723c751e8b465ee728b)  -> (artifact id: '99cff98351b765e3205f926f6d95f4c7') in 0.005689 seconds
  Import took 0.113980 seconds .

========================================================================
Received Import Request.
  Time since last request: 0.000237 seconds.
  path: Assets/Scripts/FuelTank.cs
  artifactKey: Guid(8584d3784bca64ebabb188a07ff87ef7) Importer(815301076,1909f56bfc062723c751e8b465ee728b)
Start importing Assets/Scripts/FuelTank.cs using Guid(8584d3784bca64ebabb188a07ff87ef7) Importer(815301076,1909f56bfc062723c751e8b465ee728b)  -> (artifact id: '78538d46caf20b8a5e52af1b855b1d9e') in 0.006826 seconds
  Import took 0.116773 seconds .

========================================================================
Received Import Request.
  Time since last request: 1060.703304 seconds.
  path: Assets/Prefabs/Player.prefab
  artifactKey: Guid(4909d991d587241fabcdc255c4460354) Importer(815301076,1909f56bfc062723c751e8b465ee728b)
Start importing Assets/Prefabs/Player.prefab using Guid(4909d991d587241fabcdc255c4460354) Importer(815301076,1909f56bfc062723c751e8b465ee728b)  -> (artifact id: '1c5c2726bfff330fb41f8b01b3200ec2') in 2.217594 seconds
  Import took 2.329585 seconds .

